2021-10-12 08:05:27,526 [Worker-6: Loading available Gradle versions] INFO  o.e.b.c.i.u.g.PublishedGradleVersions - Gradle version information cache is not available. Remote download required.
2021-10-12 08:07:22,469 [Worker-18: Creating maven-archetype-quickstart] INFO  o.e.m.c.i.p.ProjectConfigurationManager - Collecting project info '/pom.xml' /home/e20180003950/Bureau/HAI501I/TP3/JunitMaven/JunitMaven/pom.xml
2021-10-12 08:07:26,518 [Worker-18: Creating maven-archetype-quickstart] INFO  o.e.m.c.i.l.LifecycleMappingFactory - Using org.eclipse.m2e.jdt.JarLifecycleMapping lifecycle mapping for MavenProject: TP3:JunitMaven:0.0.1-SNAPSHOT @ /home/e20180003950/Bureau/HAI501I/TP3/JunitMaven/JunitMaven/pom.xml.
2021-10-12 08:07:27,450 [Worker-18: Creating maven-archetype-quickstart] INFO  o.e.m.j.i.AbstractJavaProjectConfigurator - Adding source folder /JunitMaven/src/main/java
2021-10-12 08:07:27,475 [Worker-18: Creating maven-archetype-quickstart] INFO  o.e.m.j.i.AbstractJavaProjectConfigurator - Adding source folder /JunitMaven/src/test/java
2021-10-12 08:07:27,933 [Worker-18: Creating maven-archetype-quickstart] INFO  o.e.m.c.i.p.ProjectConfigurationManager - Imported and configured 1 project(s) in 5 sec
2021-10-12 08:07:29,054 [Worker-8: Building] INFO  o.e.m.c.i.embedder.EclipseLogger - Using 'UTF-8' encoding to copy filtered resources.
2021-10-12 08:07:29,056 [Worker-8: Building] INFO  o.e.m.c.i.embedder.EclipseLogger - skip non existing resourceDirectory /home/e20180003950/Bureau/HAI501I/TP3/JunitMaven/JunitMaven/src/main/resources
2021-10-12 08:07:29,061 [Worker-8: Building] INFO  o.e.m.c.i.embedder.EclipseLogger - Using 'UTF-8' encoding to copy filtered resources.
2021-10-12 08:07:29,061 [Worker-8: Building] INFO  o.e.m.c.i.embedder.EclipseLogger - skip non existing resourceDirectory /home/e20180003950/Bureau/HAI501I/TP3/JunitMaven/JunitMaven/src/test/resources
2021-10-12 08:08:43,160 [Worker-1: Building] INFO  o.e.m.c.i.embedder.EclipseLogger - Using 'UTF-8' encoding to copy filtered resources.
2021-10-12 08:08:43,183 [Worker-1: Building] INFO  o.e.m.c.i.embedder.EclipseLogger - skip non existing resourceDirectory /home/e20180003950/Bureau/HAI501I/TP3/JunitMaven/JunitMaven/src/main/resources
2021-10-12 08:08:43,187 [Worker-1: Building] INFO  o.e.m.c.i.embedder.EclipseLogger - Using 'UTF-8' encoding to copy filtered resources.
2021-10-12 08:08:43,197 [Worker-1: Building] INFO  o.e.m.c.i.embedder.EclipseLogger - skip non existing resourceDirectory /home/e20180003950/Bureau/HAI501I/TP3/JunitMaven/JunitMaven/src/test/resources
2021-10-12 08:09:38,732 [Worker-0: Loading available Gradle versions] INFO  o.e.b.c.i.u.g.PublishedGradleVersions - Gradle version information cache is up-to-date. Trying to read.
2021-10-12 08:10:24,740 [Worker-2: Loading available Gradle versions] INFO  o.e.b.c.i.u.g.PublishedGradleVersions - Gradle version information cache is up-to-date. Trying to read.
2021-10-12 08:13:00,172 [Worker-20: Building] INFO  o.e.m.c.i.l.LifecycleMappingFactory - Using org.eclipse.m2e.jdt.JarLifecycleMapping lifecycle mapping for MavenProject: TP3:JunitMaven:0.0.1-SNAPSHOT @ /home/e20180003950/Bureau/HAI501I/TP3/JunitMaven/JunitMaven/pom.xml.
2021-10-12 08:13:01,151 [Worker-20: Building] INFO  o.e.m.c.i.embedder.EclipseLogger - Using 'UTF-8' encoding to copy filtered resources.
2021-10-12 08:13:01,154 [Worker-20: Building] INFO  o.e.m.c.i.embedder.EclipseLogger - skip non existing resourceDirectory /home/e20180003950/Bureau/HAI501I/TP3/JunitMaven/JunitMaven/src/main/resources
2021-10-12 08:13:01,158 [Worker-20: Building] INFO  o.e.m.c.i.embedder.EclipseLogger - Using 'UTF-8' encoding to copy filtered resources.
2021-10-12 08:13:01,158 [Worker-20: Building] INFO  o.e.m.c.i.embedder.EclipseLogger - skip non existing resourceDirectory /home/e20180003950/Bureau/HAI501I/TP3/JunitMaven/JunitMaven/src/test/resources
2021-10-12 08:13:02,326 [Worker-19: Updating Maven Dependencies] INFO  o.e.m.c.i.l.LifecycleMappingFactory - Using org.eclipse.m2e.jdt.JarLifecycleMapping lifecycle mapping for MavenProject: TP3:JunitMaven:0.0.1-SNAPSHOT @ /home/e20180003950/Bureau/HAI501I/TP3/JunitMaven/JunitMaven/pom.xml.
2021-10-12 08:13:03,814 [Worker-20: Building] INFO  o.e.m.c.i.embedder.EclipseLogger - Using 'UTF-8' encoding to copy filtered resources.
2021-10-12 08:13:03,816 [Worker-20: Building] INFO  o.e.m.c.i.embedder.EclipseLogger - skip non existing resourceDirectory /home/e20180003950/Bureau/HAI501I/TP3/JunitMaven/JunitMaven/src/main/resources
2021-10-12 08:13:03,821 [Worker-20: Building] INFO  o.e.m.c.i.embedder.EclipseLogger - Using 'UTF-8' encoding to copy filtered resources.
2021-10-12 08:13:03,823 [Worker-20: Building] INFO  o.e.m.c.i.embedder.EclipseLogger - skip non existing resourceDirectory /home/e20180003950/Bureau/HAI501I/TP3/JunitMaven/JunitMaven/src/test/resources
2021-10-12 08:13:07,509 [Worker-19: Building] INFO  o.e.m.c.i.embedder.EclipseLogger - Using 'UTF-8' encoding to copy filtered resources.
2021-10-12 08:13:07,512 [Worker-19: Building] INFO  o.e.m.c.i.embedder.EclipseLogger - skip non existing resourceDirectory /home/e20180003950/Bureau/HAI501I/TP3/JunitMaven/JunitMaven/src/main/resources
2021-10-12 08:13:07,513 [Worker-19: Building] INFO  o.e.m.c.i.embedder.EclipseLogger - Using 'UTF-8' encoding to copy filtered resources.
2021-10-12 08:13:07,513 [Worker-19: Building] INFO  o.e.m.c.i.embedder.EclipseLogger - skip non existing resourceDirectory /home/e20180003950/Bureau/HAI501I/TP3/JunitMaven/JunitMaven/src/test/resources
2021-10-12 08:18:41,234 [Worker-22: Building] INFO  o.e.m.c.i.l.LifecycleMappingFactory - Using org.eclipse.m2e.jdt.JarLifecycleMapping lifecycle mapping for MavenProject: TP3:JunitMaven:0.0.1-SNAPSHOT @ /home/e20180003950/Bureau/HAI501I/TP3/JunitMaven/JunitMaven/pom.xml.
2021-10-12 08:18:41,851 [Worker-22: Building] INFO  o.e.m.c.i.embedder.EclipseLogger - Using 'UTF-8' encoding to copy filtered resources.
2021-10-12 08:18:41,853 [Worker-22: Building] INFO  o.e.m.c.i.embedder.EclipseLogger - skip non existing resourceDirectory /home/e20180003950/Bureau/HAI501I/TP3/JunitMaven/JunitMaven/src/main/resources
2021-10-12 08:18:41,855 [Worker-22: Building] INFO  o.e.m.c.i.embedder.EclipseLogger - Using 'UTF-8' encoding to copy filtered resources.
2021-10-12 08:18:41,856 [Worker-22: Building] INFO  o.e.m.c.i.embedder.EclipseLogger - skip non existing resourceDirectory /home/e20180003950/Bureau/HAI501I/TP3/JunitMaven/JunitMaven/src/test/resources
2021-10-12 08:45:43,305 [Worker-23: Building] INFO  o.e.m.c.i.l.LifecycleMappingFactory - Using org.eclipse.m2e.jdt.JarLifecycleMapping lifecycle mapping for MavenProject: TP3:JunitMaven:0.0.1-SNAPSHOT @ /home/e20180003950/Bureau/HAI501I/TP3/JunitMaven/JunitMaven/pom.xml.
2021-10-12 08:45:44,267 [Worker-23: Building] INFO  o.e.m.c.i.embedder.EclipseLogger - Using 'UTF-8' encoding to copy filtered resources.
2021-10-12 08:45:44,272 [Worker-23: Building] INFO  o.e.m.c.i.embedder.EclipseLogger - skip non existing resourceDirectory /home/e20180003950/Bureau/HAI501I/TP3/JunitMaven/JunitMaven/src/main/resources
2021-10-12 08:45:44,276 [Worker-23: Building] INFO  o.e.m.c.i.embedder.EclipseLogger - Using 'UTF-8' encoding to copy filtered resources.
2021-10-12 08:45:44,282 [Worker-23: Building] INFO  o.e.m.c.i.embedder.EclipseLogger - skip non existing resourceDirectory /home/e20180003950/Bureau/HAI501I/TP3/JunitMaven/JunitMaven/src/test/resources
2021-10-12 08:45:45,523 [Worker-21: Download sources and javadoc] INFO  o.e.m.c.i.e.AbstractTransferListenerAdapter - Downloading https://repo.maven.apache.org/maven2/org/junit/vintage/junit-vintage-engine/5.8.1/junit-vintage-engine-5.8.1-sources.jar
2021-10-12 08:45:45,568 [Worker-21: Download sources and javadoc] INFO  o.e.m.c.i.e.AbstractTransferListenerAdapter - Downloaded https://repo.maven.apache.org/maven2/org/junit/vintage/junit-vintage-engine/5.8.1/junit-vintage-engine-5.8.1-sources.jar
2021-10-12 08:45:45,590 [Worker-21: Download sources and javadoc] INFO  o.e.m.j.internal.DownloadSourcesJob - Downloaded sources for org.junit.vintage:junit-vintage-engine:5.8.1
2021-10-19 08:11:35,299 [Worker-5: Loading available Gradle versions] INFO  o.e.b.c.i.u.g.PublishedGradleVersions - Gradle version information cache is not available. Remote download required.
2021-10-19 08:12:54,899 [Worker-13: Creating maven-archetype-quickstart] INFO  o.e.m.c.i.p.ProjectConfigurationManager - Collecting project info '/pom.xml' /home/e20180003950/Bureau/HAI501I/TP4/TPaj/Tpaj4/pom.xml
2021-10-19 08:12:57,280 [Worker-13: Creating maven-archetype-quickstart] INFO  o.e.m.c.i.l.LifecycleMappingFactory - Using org.eclipse.m2e.jdt.JarLifecycleMapping lifecycle mapping for MavenProject: TP4:Tpaj4:0.0.1-SNAPSHOT @ /home/e20180003950/Bureau/HAI501I/TP4/TPaj/Tpaj4/pom.xml.
2021-10-19 08:12:57,944 [Worker-13: Creating maven-archetype-quickstart] INFO  o.e.m.j.i.AbstractJavaProjectConfigurator - Adding source folder /Tpaj4/src/main/java
2021-10-19 08:12:57,966 [Worker-13: Creating maven-archetype-quickstart] INFO  o.e.m.j.i.AbstractJavaProjectConfigurator - Adding source folder /Tpaj4/src/test/java
2021-10-19 08:12:58,141 [Worker-13: Creating maven-archetype-quickstart] INFO  o.e.m.c.i.p.ProjectConfigurationManager - Imported and configured 1 project(s) in 3 sec
2021-10-19 08:12:58,818 [Worker-15: Building] INFO  o.e.m.c.i.embedder.EclipseLogger - Using 'UTF-8' encoding to copy filtered resources.
2021-10-19 08:12:58,819 [Worker-15: Building] INFO  o.e.m.c.i.embedder.EclipseLogger - skip non existing resourceDirectory /home/e20180003950/Bureau/HAI501I/TP3/JunitMaven/JunitMaven/src/main/resources
2021-10-19 08:12:58,822 [Worker-15: Building] INFO  o.e.m.c.i.embedder.EclipseLogger - Using 'UTF-8' encoding to copy filtered resources.
2021-10-19 08:12:58,823 [Worker-15: Building] INFO  o.e.m.c.i.embedder.EclipseLogger - skip non existing resourceDirectory /home/e20180003950/Bureau/HAI501I/TP3/JunitMaven/JunitMaven/src/test/resources
2021-10-19 08:12:58,910 [Worker-15: Building] INFO  o.e.m.c.i.embedder.EclipseLogger - Using 'UTF-8' encoding to copy filtered resources.
2021-10-19 08:12:58,910 [Worker-15: Building] INFO  o.e.m.c.i.embedder.EclipseLogger - skip non existing resourceDirectory /home/e20180003950/Bureau/HAI501I/TP4/TPaj/Tpaj4/src/main/resources
2021-10-19 08:12:58,913 [Worker-15: Building] INFO  o.e.m.c.i.embedder.EclipseLogger - Using 'UTF-8' encoding to copy filtered resources.
2021-10-19 08:12:58,913 [Worker-15: Building] INFO  o.e.m.c.i.embedder.EclipseLogger - skip non existing resourceDirectory /home/e20180003950/Bureau/HAI501I/TP4/TPaj/Tpaj4/src/test/resources
2021-11-09 08:12:01,547 [Worker-6: Loading available Gradle versions] INFO  o.e.b.c.i.u.g.PublishedGradleVersions - Gradle version information cache is up-to-date. Trying to read.
2021-11-09 08:12:48,931 [Worker-6: Loading available Gradle versions] INFO  o.e.b.c.i.u.g.PublishedGradleVersions - Gradle version information cache is up-to-date. Trying to read.
